2022-08-10-15:19:50.992 INFO  [52 ] [MQTTBroker.Main.MqttServer_ClientUnsubscribedTopicAsync:109] ClientUnsubscribedTopicAsync：客户端ID=【 Subscriber】已取消订阅的主题=【 test】 
2022-08-10-15:19:50.995 INFO  [52 ] [MQTTBroker.Main.MqttServer_ClientUnsubscribedTopicAsync:109] ClientUnsubscribedTopicAsync：客户端ID=【 Subscriber】已取消订阅的主题=【 test1】 
2022-08-10-15:19:51.621 INFO  [52 ] [MQTTBroker.Main.MqttServer_ClientSubscribedTopicAsync:121] ClientSubscribedTopicAsync：客户端ID=【 Subscriber】订阅的主题=【 TopicFilter: [Topic=test] [QualityOfServiceLevel=AtLeastOnce] [NoLocal=False] [RetainAsPublished=False] [RetainHandling=SendAtSubscribe]】 
2022-08-10-15:19:51.621 INFO  [52 ] [MQTTBroker.Main.MqttServer_ClientSubscribedTopicAsync:121] ClientSubscribedTopicAsync：客户端ID=【 Subscriber】订阅的主题=【 TopicFilter: [Topic=test1] [QualityOfServiceLevel=AtLeastOnce] [NoLocal=False] [RetainAsPublished=False] [RetainHandling=SendAtSubscribe]】 
2022-08-10-15:21:45.793 INFO  [44 ] [MQTTBroker.Main.MqttServer_ClientDisconnectedAsync:133] ClientDisconnectedAsync：客户端ID=【 Subscriber】已断开, 地址=【 127.0.0.1:61081】 
2022-08-10-15:22:04.221 INFO  [59 ] [MQTTBroker.Main.MqttServer_ValidatingConnectionAsync:155] ValidatingConnectionAsync：客户端ID=【 Subscriber】
2022-08-10-15:22:04.222 INFO  [59 ] [MQTTBroker.Main.MqttServer_ClientConnectedAsync:59] ClientConnectedAsync：客户端ID=【 Subscriber】已连接, 用户名=【 test】地址=【 127.0.0.1:62376】 
2022-08-10-15:22:09.993 INFO  [59 ] [MQTTBroker.Main.MqttServer_ClientSubscribedTopicAsync:121] ClientSubscribedTopicAsync：客户端ID=【 Subscriber】订阅的主题=【 TopicFilter: [Topic=test] [QualityOfServiceLevel=ExactlyOnce] [NoLocal=False] [RetainAsPublished=False] [RetainHandling=SendAtSubscribe]】 
2022-08-10-15:22:09.993 INFO  [59 ] [MQTTBroker.Main.MqttServer_ClientSubscribedTopicAsync:121] ClientSubscribedTopicAsync：客户端ID=【 Subscriber】订阅的主题=【 TopicFilter: [Topic=test1] [QualityOfServiceLevel=ExactlyOnce] [NoLocal=False] [RetainAsPublished=False] [RetainHandling=SendAtSubscribe]】 
2022-08-10-15:22:11.248 INFO  [59 ] [MQTTBroker.Main.MqttServer_ClientUnsubscribedTopicAsync:109] ClientUnsubscribedTopicAsync：客户端ID=【 Subscriber】已取消订阅的主题=【 test】 
2022-08-10-15:22:11.248 INFO  [59 ] [MQTTBroker.Main.MqttServer_ClientUnsubscribedTopicAsync:109] ClientUnsubscribedTopicAsync：客户端ID=【 Subscriber】已取消订阅的主题=【 test1】 
2022-08-10-15:22:11.815 INFO  [59 ] [MQTTBroker.Main.MqttServer_ClientSubscribedTopicAsync:121] ClientSubscribedTopicAsync：客户端ID=【 Subscriber】订阅的主题=【 TopicFilter: [Topic=test] [QualityOfServiceLevel=ExactlyOnce] [NoLocal=False] [RetainAsPublished=False] [RetainHandling=SendAtSubscribe]】 
2022-08-10-15:22:11.816 INFO  [59 ] [MQTTBroker.Main.MqttServer_ClientSubscribedTopicAsync:121] ClientSubscribedTopicAsync：客户端ID=【 Subscriber】订阅的主题=【 TopicFilter: [Topic=test1] [QualityOfServiceLevel=ExactlyOnce] [NoLocal=False] [RetainAsPublished=False] [RetainHandling=SendAtSubscribe]】 
2022-08-10-15:22:12.397 INFO  [21 ] [MQTTBroker.Main.MqttServer_ClientUnsubscribedTopicAsync:109] ClientUnsubscribedTopicAsync：客户端ID=【 Subscriber】已取消订阅的主题=【 test】 
2022-08-10-15:22:12.398 INFO  [21 ] [MQTTBroker.Main.MqttServer_ClientUnsubscribedTopicAsync:109] ClientUnsubscribedTopicAsync：客户端ID=【 Subscriber】已取消订阅的主题=【 test1】 
2022-08-10-15:22:12.886 INFO  [21 ] [MQTTBroker.Main.MqttServer_ClientSubscribedTopicAsync:121] ClientSubscribedTopicAsync：客户端ID=【 Subscriber】订阅的主题=【 TopicFilter: [Topic=test] [QualityOfServiceLevel=ExactlyOnce] [NoLocal=False] [RetainAsPublished=False] [RetainHandling=SendAtSubscribe]】 
2022-08-10-15:22:12.886 INFO  [21 ] [MQTTBroker.Main.MqttServer_ClientSubscribedTopicAsync:121] ClientSubscribedTopicAsync：客户端ID=【 Subscriber】订阅的主题=【 TopicFilter: [Topic=test1] [QualityOfServiceLevel=ExactlyOnce] [NoLocal=False] [RetainAsPublished=False] [RetainHandling=SendAtSubscribe]】 
2022-08-10-15:22:13.749 INFO  [21 ] [MQTTBroker.Main.MqttServer_ClientUnsubscribedTopicAsync:109] ClientUnsubscribedTopicAsync：客户端ID=【 Subscriber】已取消订阅的主题=【 test】 
2022-08-10-15:22:13.750 INFO  [21 ] [MQTTBroker.Main.MqttServer_ClientUnsubscribedTopicAsync:109] ClientUnsubscribedTopicAsync：客户端ID=【 Subscriber】已取消订阅的主题=【 test1】 
2022-08-10-15:22:14.160 INFO  [21 ] [MQTTBroker.Main.MqttServer_ClientSubscribedTopicAsync:121] ClientSubscribedTopicAsync：客户端ID=【 Subscriber】订阅的主题=【 TopicFilter: [Topic=test] [QualityOfServiceLevel=ExactlyOnce] [NoLocal=False] [RetainAsPublished=False] [RetainHandling=SendAtSubscribe]】 
2022-08-10-15:22:14.160 INFO  [21 ] [MQTTBroker.Main.MqttServer_ClientSubscribedTopicAsync:121] ClientSubscribedTopicAsync：客户端ID=【 Subscriber】订阅的主题=【 TopicFilter: [Topic=test1] [QualityOfServiceLevel=ExactlyOnce] [NoLocal=False] [RetainAsPublished=False] [RetainHandling=SendAtSubscribe]】 
2022-08-10-15:26:41.728 INFO  [79 ] [MQTTBroker.Main.MqttServer_ClientDisconnectedAsync:133] ClientDisconnectedAsync：客户端ID=【 Publisher】已断开, 地址=【 127.0.0.1:60465】 
2022-08-10-15:26:41.728 INFO  [80 ] [MQTTBroker.Main.MqttServer_ClientDisconnectedAsync:133] ClientDisconnectedAsync：客户端ID=【 Subscriber】已断开, 地址=【 127.0.0.1:62376】 
2022-08-10-15:26:41.729 INFO  [1  ] [MQTTBroker.Main.MqttServer_StoppedAsync:84] StoppedAsync：MQTT服务已关闭……
