2022-08-10-14:00:35.349 INFO  [1  ] [MQTTPublisher.Main.MoveNext:60] 开始连接MQTT服务
2022-08-10-14:00:35.502 INFO  [11 ] [MQTTPublisher.Main.MoveNext:82] 客户端已连接服务端……
2022-08-10-14:27:32.086 INFO  [1  ] [MQTTPublisher.Main.MoveNext:60] 开始连接MQTT服务
2022-08-10-14:27:32.157 INFO  [8  ] [MQTTPublisher.Main.MoveNext:82] 客户端已连接服务端……
2022-08-10-14:27:37.296 INFO  [11 ] [MQTTPublisher.Main._mqttClient_ApplicationMessageReceivedAsync:66] ApplicationMessageReceivedAsync：客户端ID=【 Client1】接收到消息。Topic主题=【 test】 消息=【 1111】 qos等级=【 AtLeastOnce】
2022-08-10-14:27:42.175 INFO  [12 ] [MQTTPublisher.Main._mqttClient_ApplicationMessageReceivedAsync:66] ApplicationMessageReceivedAsync：客户端ID=【 Client1】接收到消息。Topic主题=【 test】 消息=【 1111】 qos等级=【 AtLeastOnce】
2022-08-10-14:28:16.955 INFO  [12 ] [MQTTPublisher.Main._mqttClient_DisconnectedAsync:72] 客户端已断开与服务端的连接……
2022-08-10-14:28:28.178 INFO  [1  ] [MQTTPublisher.Main.MoveNext:60] 开始连接MQTT服务
2022-08-10-14:28:28.183 INFO  [8  ] [MQTTPublisher.Main.MoveNext:82] 客户端已连接服务端……
2022-08-10-14:28:28.186 INFO  [8  ] [MQTTPublisher.Main._mqttClient_ApplicationMessageReceivedAsync:66] ApplicationMessageReceivedAsync：客户端ID=【 Client1】接收到消息。Topic主题=【 test】 消息=【 1111】 qos等级=【 AtLeastOnce】
2022-08-10-14:28:32.217 INFO  [16 ] [MQTTPublisher.Main._mqttClient_DisconnectedAsync:72] 客户端已断开与服务端的连接……
2022-08-10-14:30:25.550 INFO  [1  ] [MQTTPublisher.Main.MoveNext:60] 开始连接MQTT服务
2022-08-10-14:30:25.637 INFO  [8  ] [MQTTPublisher.Main._mqttClient_DisconnectedAsync:72] 客户端已断开与服务端的连接……
2022-08-10-14:30:35.424 INFO  [1  ] [MQTTPublisher.Main.MoveNext:60] 开始连接MQTT服务
2022-08-10-14:30:35.426 INFO  [9  ] [MQTTPublisher.Main._mqttClient_DisconnectedAsync:72] 客户端已断开与服务端的连接……
2022-08-10-14:30:41.790 INFO  [1  ] [MQTTPublisher.Main.MoveNext:60] 开始连接MQTT服务
2022-08-10-14:30:41.799 INFO  [12 ] [MQTTPublisher.Main._mqttClient_ConnectedAsync:82] 客户端已连接服务端……
2022-08-10-14:32:06.268 INFO  [10 ] [MQTTPublisher.Main._mqttClient_DisconnectedAsync:72] 客户端已断开与服务端的连接……
2022-08-10-14:32:23.178 INFO  [1  ] [MQTTPublisher.Main.MoveNext:60] 开始连接MQTT服务
2022-08-10-14:32:24.272 INFO  [9  ] [MQTTPublisher.Main._mqttClient_DisconnectedAsync:72] 客户端已断开与服务端的连接……
2022-08-10-14:32:39.167 INFO  [1  ] [MQTTPublisher.Main.MoveNext:60] 开始连接MQTT服务
2022-08-10-14:32:39.214 INFO  [9  ] [MQTTPublisher.Main._mqttClient_ConnectedAsync:82] 客户端已连接服务端……
2022-08-10-14:33:53.662 INFO  [1  ] [MQTTPublisher.Main.MoveNext:60] 开始连接MQTT服务
2022-08-10-14:33:53.733 INFO  [8  ] [MQTTPublisher.Main._mqttClient_ConnectedAsync:82] 客户端已连接服务端……
