2022-08-10-13:48:51.837 INFO  [19 ] [MQTTPublisher.Main._mqttClient_DisconnectedAsync:0] 客户端已断开与服务端的连接……
2022-08-10-13:55:42.633 INFO  [1  ] [MQTTPublisher.Main.MoveNext:60] 开始连接MQTT服务
2022-08-10-13:55:42.789 INFO  [3  ] [MQTTPublisher.Main.MoveNext:82] 客户端已连接服务端……
2022-08-10-13:55:43.720 ERROR [1  ] [MQTTPublisher.Main.btn_send_Click:103] MQTTnet.Exceptions.MqttProtocolViolationException: Topic should not be empty.
   at MQTTnet.Protocol.MqttTopicValidator.ThrowIfInvalid(String topic)
   at MQTTnet.Client.MqttClient.PublishAsync(MqttApplicationMessage applicationMessage, CancellationToken cancellationToken)
   at MQTTPublisher.Main.btn_send_Click(Object sender, EventArgs e) in D:\zhangyf\new\MQTT\MQTT\MQTTPublisher\Main.cs:line 103
2022-08-10-13:55:51.019 ERROR [1  ] [MQTTPublisher.Main.btn_send_Click:103] MQTTnet.Exceptions.MqttProtocolViolationException: Topic should not be empty.
   at MQTTnet.Protocol.MqttTopicValidator.ThrowIfInvalid(String topic)
   at MQTTnet.Client.MqttClient.PublishAsync(MqttApplicationMessage applicationMessage, CancellationToken cancellationToken)
   at MQTTPublisher.Main.btn_send_Click(Object sender, EventArgs e) in D:\zhangyf\new\MQTT\MQTT\MQTTPublisher\Main.cs:line 103
2022-08-10-13:56:32.682 INFO  [10 ] [MQTTPublisher.Main._mqttClient_DisconnectedAsync:72] 客户端已断开与服务端的连接……
2022-08-10-13:57:40.330 INFO  [1  ] [MQTTPublisher.Main.MoveNext:60] 开始连接MQTT服务
2022-08-10-13:57:40.596 INFO  [5  ] [MQTTPublisher.Main.MoveNext:82] 客户端已连接服务端……
2022-08-10-13:57:44.107 ERROR [1  ] [MQTTPublisher.Main.btn_send_Click:103] MQTTnet.Exceptions.MqttProtocolViolationException: Topic should not be empty.
   at MQTTnet.Protocol.MqttTopicValidator.ThrowIfInvalid(String topic)
   at MQTTnet.Client.MqttClient.PublishAsync(MqttApplicationMessage applicationMessage, CancellationToken cancellationToken)
   at MQTTPublisher.Main.btn_send_Click(Object sender, EventArgs e) in D:\zhangyf\new\MQTT\MQTT\MQTTPublisher\Main.cs:line 103
2022-08-10-13:57:47.383 INFO  [5  ] [MQTTPublisher.Main._mqttClient_DisconnectedAsync:72] 客户端已断开与服务端的连接……
2022-08-10-13:58:23.398 INFO  [1  ] [MQTTPublisher.Main.MoveNext:60] 开始连接MQTT服务
2022-08-10-13:58:23.550 INFO  [5  ] [MQTTPublisher.Main.MoveNext:82] 客户端已连接服务端……
2022-08-10-13:58:27.248 INFO  [5  ] [MQTTPublisher.Main._mqttClient_DisconnectedAsync:72] 客户端已断开与服务端的连接……
2022-08-10-13:58:35.591 INFO  [1  ] [MQTTPublisher.Main.MoveNext:60] 开始连接MQTT服务
2022-08-10-13:58:35.724 INFO  [8  ] [MQTTPublisher.Main.MoveNext:82] 客户端已连接服务端……
